<?xml version="1.0" encoding="UTF-8"?>
<!-- Generated by org.testng.reporters.JUnitReportReporter -->
<testsuite hostname="SHARATH" failures="0" tests="13" name="com.shutapp.newui.sendBulkmessage.CreatePrivateGroupTest" time="256.401" errors="0" timestamp="09 Sep 2019 09:05:48 GMT" skipped="0">
  <testcase classname="com.shutapp.newui.sendBulkmessage.CreatePrivateGroupTest" name="OnBoardingScreenOne" time="12.163"/>
  <testcase classname="com.shutapp.newui.sendBulkmessage.CreatePrivateGroupTest" name="MobileNumber" time="27.791"/>
  <testcase classname="com.shutapp.newui.sendBulkmessage.CreatePrivateGroupTest" name="OTP" time="2.848"/>
  <testcase classname="com.shutapp.newui.sendBulkmessage.CreatePrivateGroupTest" name="EnterUserName" time="30.519"/>
  <testcase classname="com.shutapp.newui.sendBulkmessage.CreatePrivateGroupTest" name="OnBoardingScreenThree" time="9.239"/>
  <testcase classname="com.shutapp.newui.sendBulkmessage.CreatePrivateGroupTest" name="ShutMode" time="14.204"/>
  <testcase classname="com.shutapp.newui.sendBulkmessage.CreatePrivateGroupTest" name="CreateGroup" time="47.820"/>
  <testcase classname="com.shutapp.newui.sendBulkmessage.CreatePrivateGroupTest" name="Images" time="17.673"/>
  <testcase classname="com.shutapp.newui.sendBulkmessage.CreatePrivateGroupTest" name="AnonymousImages" time="17.871"/>
  <testcase classname="com.shutapp.newui.sendBulkmessage.CreatePrivateGroupTest" name="Videos" time="14.358"/>
  <testcase classname="com.shutapp.newui.sendBulkmessage.CreatePrivateGroupTest" name="AnonymousVideos" time="19.584"/>
  <testcase classname="com.shutapp.newui.sendBulkmessage.CreatePrivateGroupTest" name="BulkAudios" time="17.771"/>
  <testcase classname="com.shutapp.newui.sendBulkmessage.CreatePrivateGroupTest" name="AnonymousAudios" time="24.560"/>
</testsuite> <!-- com.shutapp.newui.sendBulkmessage.CreatePrivateGroupTest -->
