<?xml version="1.0" encoding="UTF-8"?>
<!-- Generated by org.testng.reporters.JUnitReportReporter -->
<testsuite hostname="SHARATH" failures="0" tests="6" name="com.shutapp.newui.loginflow.AppiumServer" time="95.587" errors="0" timestamp="26 Aug 2019 10:43:21 GMT" skipped="0">
  <testcase classname="com.shutapp.newui.loginflow.AppiumServer" name="OnBoardingScreenOne" time="12.161"/>
  <testcase classname="com.shutapp.newui.loginflow.AppiumServer" name="MobileNumber" time="27.291"/>
  <testcase classname="com.shutapp.newui.loginflow.AppiumServer" name="OTP" time="2.812"/>
  <testcase classname="com.shutapp.newui.loginflow.AppiumServer" name="EnterUserName" time="30.155"/>
  <testcase classname="com.shutapp.newui.loginflow.AppiumServer" name="OnBoardingScreenThree" time="10.460"/>
  <testcase classname="com.shutapp.newui.loginflow.AppiumServer" name="ShutMode" time="12.708"/>
</testsuite> <!-- com.shutapp.newui.loginflow.AppiumServer -->
