<?xml version="1.0" encoding="UTF-8"?>
<!-- Generated by org.testng.reporters.JUnitReportReporter -->
<testsuite hostname="SHARATH" failures="0" tests="16" name="com.shutapp.newui.sendBulkmessage.CreatePrivateGroupTest" time="589.408" errors="0" timestamp="27 Aug 2019 05:45:51 GMT" skipped="0">
  <testcase classname="com.shutapp.newui.sendBulkmessage.CreatePrivateGroupTest" name="OnBoardingScreenOne" time="8.704"/>
  <testcase classname="com.shutapp.newui.sendBulkmessage.CreatePrivateGroupTest" name="MobileNumber" time="27.949"/>
  <testcase classname="com.shutapp.newui.sendBulkmessage.CreatePrivateGroupTest" name="OTP" time="1.953"/>
  <testcase classname="com.shutapp.newui.sendBulkmessage.CreatePrivateGroupTest" name="EnterUserName" time="30.980"/>
  <testcase classname="com.shutapp.newui.sendBulkmessage.CreatePrivateGroupTest" name="OnBoardingScreenThree" time="8.276"/>
  <testcase classname="com.shutapp.newui.sendBulkmessage.CreatePrivateGroupTest" name="ShutMode" time="14.379"/>
  <testcase classname="com.shutapp.newui.sendBulkmessage.CreatePrivateGroupTest" name="CreateGroup" time="47.874"/>
  <testcase classname="com.shutapp.newui.sendBulkmessage.CreatePrivateGroupTest" name="TTL" time="93.942"/>
  <testcase classname="com.shutapp.newui.sendBulkmessage.CreatePrivateGroupTest" name="TextMessage" time="105.760"/>
  <testcase classname="com.shutapp.newui.sendBulkmessage.CreatePrivateGroupTest" name="AnonymousTextMessage" time="44.673"/>
  <testcase classname="com.shutapp.newui.sendBulkmessage.CreatePrivateGroupTest" name="Images" time="31.250"/>
  <testcase classname="com.shutapp.newui.sendBulkmessage.CreatePrivateGroupTest" name="AnonymousImages" time="32.020"/>
  <testcase classname="com.shutapp.newui.sendBulkmessage.CreatePrivateGroupTest" name="Videos" time="30.012"/>
  <testcase classname="com.shutapp.newui.sendBulkmessage.CreatePrivateGroupTest" name="AnonymousVideos" time="33.743"/>
  <testcase classname="com.shutapp.newui.sendBulkmessage.CreatePrivateGroupTest" name="BulkAudios" time="36.463"/>
  <testcase classname="com.shutapp.newui.sendBulkmessage.CreatePrivateGroupTest" name="AnonymousAudios" time="41.430"/>
</testsuite> <!-- com.shutapp.newui.sendBulkmessage.CreatePrivateGroupTest -->
