<?xml version="1.0" encoding="UTF-8"?>
<!-- Generated by org.testng.reporters.JUnitReportReporter -->
<testsuite hostname="SHARATH" failures="0" tests="4" name="com.shutapp.newui.loginflow.AppiumServer" time="76.791" errors="0" timestamp="18 Oct 2019 08:45:02 GMT" skipped="0">
  <testcase classname="com.shutapp.newui.loginflow.AppiumServer" name="OnBoardingScreen" time="17.573"/>
  <testcase classname="com.shutapp.newui.loginflow.AppiumServer" name="MobileNumber" time="28.416"/>
  <testcase classname="com.shutapp.newui.loginflow.AppiumServer" name="OTP" time="2.785"/>
  <testcase classname="com.shutapp.newui.loginflow.AppiumServer" name="EnterUserName" time="28.017"/>
</testsuite> <!-- com.shutapp.newui.loginflow.AppiumServer -->
