<?xml version="1.0" encoding="UTF-8"?>
<!-- Generated by org.testng.reporters.JUnitReportReporter -->
<testsuite hostname="SHARATH" failures="0" tests="6" name="com.shutapp.loginflow.AppiumServer" time="127.916" errors="0" timestamp="07 Aug 2019 11:51:29 GMT" skipped="0">
  <testcase classname="com.shutapp.loginflow.AppiumServer" name="OnBoardingScreenOne" time="12.890"/>
  <testcase classname="com.shutapp.loginflow.AppiumServer" name="MobileNumber" time="27.083"/>
  <testcase classname="com.shutapp.loginflow.AppiumServer" name="OTP" time="37.852"/>
  <testcase classname="com.shutapp.loginflow.AppiumServer" name="EnterUserName" time="30.448"/>
  <testcase classname="com.shutapp.loginflow.AppiumServer" name="OnBoardingScreenThree" time="8.623"/>
  <testcase classname="com.shutapp.loginflow.AppiumServer" name="ShutMode" time="11.020"/>
</testsuite> <!-- com.shutapp.loginflow.AppiumServer -->
