<?xml version="1.0" encoding="UTF-8"?>
<!-- Generated by org.testng.reporters.JUnitReportReporter -->
<testsuite hostname="SHARATH" failures="0" tests="16" name="com.shutapp.newui.sendBulkmessage.CreatePrivateGroup" time="2.438" errors="1" timestamp="12 Aug 2019 08:32:07 GMT" skipped="15">
  <testcase classname="com.shutapp.newui.sendBulkmessage.CreatePrivateGroup" name="Capabilities" time="2.438">
    <error message="Unable to create a new remote session. Original error: Connection reset
Build info: version: &#039;3.141.59&#039;, revision: &#039;e82be7d358&#039;, time: &#039;2018-11-14T08:17:03&#039;
System info: host: &#039;SHARATH&#039;, ip: &#039;192.168.0.175&#039;, os.name: &#039;Windows 10&#039;, os.arch: &#039;amd64&#039;, os.version: &#039;10.0&#039;, java.version: &#039;12.0.1&#039;
Driver info: driver.version: AndroidDriver" type="org.openqa.selenium.SessionNotCreatedException">
      <![CDATA[org.openqa.selenium.SessionNotCreatedException: Unable to create a new remote session. Original error: Connection reset
Build info: version: '3.141.59', revision: 'e82be7d358', time: '2018-11-14T08:17:03'
System info: host: 'SHARATH', ip: '192.168.0.175', os.name: 'Windows 10', os.arch: 'amd64', os.version: '10.0', java.version: '12.0.1'
Driver info: driver.version: AndroidDriver
at io.appium.java_client.remote.AppiumCommandExecutor$1.createSession(AppiumCommandExecutor.java:208)
at io.appium.java_client.remote.AppiumCommandExecutor.createSession(AppiumCommandExecutor.java:217)
at io.appium.java_client.remote.AppiumCommandExecutor.execute(AppiumCommandExecutor.java:239)
at org.openqa.selenium.remote.RemoteWebDriver.execute(RemoteWebDriver.java:552)
at io.appium.java_client.DefaultGenericMobileDriver.execute(DefaultGenericMobileDriver.java:42)
at io.appium.java_client.AppiumDriver.execute(AppiumDriver.java:1)
at io.appium.java_client.android.AndroidDriver.execute(AndroidDriver.java:1)
at org.openqa.selenium.remote.RemoteWebDriver.startSession(RemoteWebDriver.java:213)
at org.openqa.selenium.remote.RemoteWebDriver.<init>(RemoteWebDriver.java:131)
at io.appium.java_client.DefaultGenericMobileDriver.<init>(DefaultGenericMobileDriver.java:38)
at io.appium.java_client.AppiumDriver.<init>(AppiumDriver.java:84)
at io.appium.java_client.AppiumDriver.<init>(AppiumDriver.java:94)
at io.appium.java_client.android.AndroidDriver.<init>(AndroidDriver.java:95)
at com.shutapp.newui.loginflow.AppiumServer.Capabilities(AppiumServer.java:73)
at java.base/jdk.internal.reflect.NativeMethodAccessorImpl.invoke0(Native Method)
at java.base/jdk.internal.reflect.NativeMethodAccessorImpl.invoke(NativeMethodAccessorImpl.java:62)
at java.base/jdk.internal.reflect.DelegatingMethodAccessorImpl.invoke(DelegatingMethodAccessorImpl.java:43)
at java.base/java.lang.reflect.Method.invoke(Method.java:567)
at org.testng.internal.MethodInvocationHelper.invokeMethod(MethodInvocationHelper.java:124)
at org.testng.internal.MethodInvocationHelper.invokeMethodConsideringTimeout(MethodInvocationHelper.java:59)
at org.testng.internal.Invoker.invokeConfigurationMethod(Invoker.java:458)
at org.testng.internal.Invoker.invokeConfigurations(Invoker.java:222)
at org.testng.internal.Invoker.invokeConfigurations(Invoker.java:142)
at org.testng.TestRunner.beforeRun(TestRunner.java:529)
at org.testng.TestRunner.run(TestRunner.java:497)
at org.testng.SuiteRunner.runTest(SuiteRunner.java:455)
at org.testng.SuiteRunner.runSequentially(SuiteRunner.java:450)
at org.testng.SuiteRunner.privateRun(SuiteRunner.java:415)
at org.testng.SuiteRunner.run(SuiteRunner.java:364)
at org.testng.SuiteRunnerWorker.runSuite(SuiteRunnerWorker.java:52)
at org.testng.SuiteRunnerWorker.run(SuiteRunnerWorker.java:84)
at org.testng.TestNG.runSuitesSequentially(TestNG.java:1208)
at org.testng.TestNG.runSuitesLocally(TestNG.java:1137)
at org.testng.TestNG.runSuites(TestNG.java:1049)
at org.testng.TestNG.run(TestNG.java:1017)
at org.testng.remote.AbstractRemoteTestNG.run(AbstractRemoteTestNG.java:115)
at org.testng.remote.RemoteTestNG.initAndRun(RemoteTestNG.java:251)
at org.testng.remote.RemoteTestNG.main(RemoteTestNG.java:77)
Caused by: java.lang.reflect.InvocationTargetException
at java.base/jdk.internal.reflect.NativeMethodAccessorImpl.invoke0(Native Method)
at java.base/jdk.internal.reflect.NativeMethodAccessorImpl.invoke(NativeMethodAccessorImpl.java:62)
at java.base/jdk.internal.reflect.DelegatingMethodAccessorImpl.invoke(DelegatingMethodAccessorImpl.java:43)
at java.base/java.lang.reflect.Method.invoke(Method.java:567)
at io.appium.java_client.remote.AppiumCommandExecutor$1.createSession(AppiumCommandExecutor.java:186)
... 37 more
Caused by: java.net.SocketException: Connection reset
at java.base/java.net.SocketInputStream.read(SocketInputStream.java:186)
at java.base/java.net.SocketInputStream.read(SocketInputStream.java:140)
at okio.Okio$2.read(Okio.java:140)
at okio.AsyncTimeout$2.read(AsyncTimeout.java:237)
at okio.RealBufferedSource.indexOf(RealBufferedSource.java:355)
at okio.RealBufferedSource.readUtf8LineStrict(RealBufferedSource.java:227)
at okhttp3.internal.http1.Http1Codec.readHeaderLine(Http1Codec.java:215)
at okhttp3.internal.http1.Http1Codec.readResponseHeaders(Http1Codec.java:189)
at okhttp3.internal.http.CallServerInterceptor.intercept(CallServerInterceptor.java:88)
at okhttp3.internal.http.RealInterceptorChain.proceed(RealInterceptorChain.java:147)
at okhttp3.internal.http.RealInterceptorChain.proceed(RealInterceptorChain.java:121)
at org.openqa.selenium.remote.internal.OkHttpClient$Factory$1.lambda$createClient$1(OkHttpClient.java:152)
at okhttp3.internal.http.RealInterceptorChain.proceed(RealInterceptorChain.java:147)
at okhttp3.internal.connection.ConnectInterceptor.intercept(ConnectInterceptor.java:45)
at okhttp3.internal.http.RealInterceptorChain.proceed(RealInterceptorChain.java:147)
at okhttp3.internal.http.RealInterceptorChain.proceed(RealInterceptorChain.java:121)
at okhttp3.internal.cache.CacheInterceptor.intercept(CacheInterceptor.java:93)
at okhttp3.internal.http.RealInterceptorChain.proceed(RealInterceptorChain.java:147)
at okhttp3.internal.http.RealInterceptorChain.proceed(RealInterceptorChain.java:121)
at okhttp3.internal.http.BridgeInterceptor.intercept(BridgeInterceptor.java:93)
at okhttp3.internal.http.RealInterceptorChain.proceed(RealInterceptorChain.java:147)
at okhttp3.internal.http.RetryAndFollowUpInterceptor.intercept(RetryAndFollowUpInterceptor.java:126)
at okhttp3.internal.http.RealInterceptorChain.proceed(RealInterceptorChain.java:147)
at okhttp3.internal.http.RealInterceptorChain.proceed(RealInterceptorChain.java:121)
at okhttp3.RealCall.getResponseWithInterceptorChain(RealCall.java:200)
at okhttp3.RealCall.execute(RealCall.java:77)
at org.openqa.selenium.remote.internal.OkHttpClient.execute(OkHttpClient.java:103)
at org.openqa.selenium.remote.ProtocolHandshake.createSession(ProtocolHandshake.java:105)
... 42 more
]]>
    </error>
  </testcase> <!-- Capabilities -->
  <testcase classname="com.shutapp.newui.sendBulkmessage.CreatePrivateGroup" name="OnBoardingScreenOne" time="0.000">
    <skipped/>
  </testcase> <!-- OnBoardingScreenOne -->
  <testcase classname="com.shutapp.newui.sendBulkmessage.CreatePrivateGroup" name="MobileNumber" time="0.000">
    <skipped/>
  </testcase> <!-- MobileNumber -->
  <testcase classname="com.shutapp.newui.sendBulkmessage.CreatePrivateGroup" name="EnterUserName" time="0.000">
    <skipped/>
  </testcase> <!-- EnterUserName -->
  <testcase classname="com.shutapp.newui.sendBulkmessage.CreatePrivateGroup" name="OnBoardingScreenThree" time="0.000">
    <skipped/>
  </testcase> <!-- OnBoardingScreenThree -->
  <testcase classname="com.shutapp.newui.sendBulkmessage.CreatePrivateGroup" name="ShutMode" time="0.000">
    <skipped/>
  </testcase> <!-- ShutMode -->
  <testcase classname="com.shutapp.newui.sendBulkmessage.CreatePrivateGroup" name="CreateGroup" time="0.000">
    <skipped/>
  </testcase> <!-- CreateGroup -->
  <testcase classname="com.shutapp.newui.sendBulkmessage.CreatePrivateGroup" name="TTL" time="0.000">
    <skipped/>
  </testcase> <!-- TTL -->
  <testcase classname="com.shutapp.newui.sendBulkmessage.CreatePrivateGroup" name="TextMessage" time="0.000">
    <skipped/>
  </testcase> <!-- TextMessage -->
  <testcase classname="com.shutapp.newui.sendBulkmessage.CreatePrivateGroup" name="AnonymousTextMessage" time="0.000">
    <skipped/>
  </testcase> <!-- AnonymousTextMessage -->
  <testcase classname="com.shutapp.newui.sendBulkmessage.CreatePrivateGroup" name="Images" time="0.000">
    <skipped/>
  </testcase> <!-- Images -->
  <testcase classname="com.shutapp.newui.sendBulkmessage.CreatePrivateGroup" name="AnonymousImages" time="0.000">
    <skipped/>
  </testcase> <!-- AnonymousImages -->
  <testcase classname="com.shutapp.newui.sendBulkmessage.CreatePrivateGroup" name="Videos" time="0.000">
    <skipped/>
  </testcase> <!-- Videos -->
  <testcase classname="com.shutapp.newui.sendBulkmessage.CreatePrivateGroup" name="AnonymousVideos" time="0.000">
    <skipped/>
  </testcase> <!-- AnonymousVideos -->
  <testcase classname="com.shutapp.newui.sendBulkmessage.CreatePrivateGroup" name="BulkAudios" time="0.000">
    <skipped/>
  </testcase> <!-- BulkAudios -->
  <testcase classname="com.shutapp.newui.sendBulkmessage.CreatePrivateGroup" name="AnonymousAudios" time="0.000">
    <skipped/>
  </testcase> <!-- AnonymousAudios -->
</testsuite> <!-- com.shutapp.newui.sendBulkmessage.CreatePrivateGroup -->
