<?xml version="1.0" encoding="UTF-8"?>
<!-- Generated by org.testng.reporters.JUnitReportReporter -->
<testsuite hostname="SHARATH" failures="0" tests="5" name="com.shutapp.loginflow.AppiumServer" time="126.994" errors="0" timestamp="06 Aug 2019 06:22:35 GMT" skipped="0">
  <testcase classname="com.shutapp.loginflow.AppiumServer" name="OnBoardingScreenOne" time="12.904"/>
  <testcase classname="com.shutapp.loginflow.AppiumServer" name="MobileNumber" time="27.761"/>
  <testcase classname="com.shutapp.loginflow.AppiumServer" name="OTP" time="37.571"/>
  <testcase classname="com.shutapp.loginflow.AppiumServer" name="EnterUserName" time="37.965"/>
  <testcase classname="com.shutapp.loginflow.AppiumServer" name="OnBoardingScreenThree" time="10.793"/>
</testsuite> <!-- com.shutapp.loginflow.AppiumServer -->
